# JRE version: Java(TM) SE Runtime Environment (8.0_11-b12) (build 1.8.0_11-b12)
# Java VM: Java HotSpot(TM) 64-Bit Server VM (25.11-b03 mixed mode windows-amd64 compressed oops)
Heap:
 PSYoungGen      total 89600K, used 16096K [0x00000000e0f00000, 0x00000000e7d80000, 0x0000000100000000)
  eden space 76800K, 14% used [0x00000000e0f00000,0x00000000e19f3b30,0x00000000e5a00000)
  from space 12800K, 38% used [0x00000000e5a00000,0x00000000e5ec4700,0x00000000e6680000)
  to   space 15872K, 0% used [0x00000000e6e00000,0x00000000e6e00000,0x00000000e7d80000)
 ParOldGen       total 49152K, used 36816K [0x00000000a2c00000, 0x00000000a5c00000, 0x00000000e0f00000)
  object space 49152K, 74% used [0x00000000a2c00000,0x00000000a4ff42f8,0x00000000a5c00000)
 Metaspace       used 45321K, capacity 46018K, committed 46336K, reserved 1089536K
  class space    used 5731K, capacity 5888K, committed 5888K, reserved 1048576K
GC Heap History (10 events):
Event: 5.488 GC heap before
{Heap before GC invocations=32 (full 4):
 PSYoungGen      total 82432K, used 9728K [0x00000000e0f00000, 0x00000000e6e80000, 0x0000000100000000)
  eden space 72704K, 0% used [0x00000000e0f00000,0x00000000e0f00000,0x00000000e5600000)
  from space 9728K, 100% used [0x00000000e6180000,0x00000000e6b00000,0x00000000e6b00000)
  to   space 11776K, 0% used [0x00000000e5600000,0x00000000e5600000,0x00000000e6180000)
 ParOldGen       total 27648K, used 24428K [0x00000000a2c00000, 0x00000000a4700000, 0x00000000e0f00000)
  object space 27648K, 88% used [0x00000000a2c00000,0x00000000a43db3b0,0x00000000a4700000)
 Metaspace       used 35535K, capacity 35924K, committed 36480K, reserved 1081344K
  class space    used 4528K, capacity 4619K, committed 4736K, reserved 1048576K
Event: 5.663 GC heap after
Heap after GC invocations=32 (full 4):
 PSYoungGen      total 82432K, used 4551K [0x00000000e0f00000, 0x00000000e6e80000, 0x0000000100000000)
  eden space 72704K, 0% used [0x00000000e0f00000,0x00000000e0f00000,0x00000000e5600000)
  from space 9728K, 46% used [0x00000000e6180000,0x00000000e65f1d40,0x00000000e6b00000)
  to   space 11776K, 0% used [0x00000000e5600000,0x00000000e5600000,0x00000000e6180000)
 ParOldGen       total 36864K, used 27223K [0x00000000a2c00000, 0x00000000a5000000, 0x00000000e0f00000)
  object space 36864K, 73% used [0x00000000a2c00000,0x00000000a4695dd0,0x00000000a5000000)
 Metaspace       used 35535K, capacity 35924K, committed 36480K, reserved 1081344K
  class space    used 4528K, capacity 4619K, committed 4736K, reserved 1048576K
}
Event: 6.320 GC heap before
{Heap before GC invocations=33 (full 4):
 PSYoungGen      total 82432K, used 77255K [0x00000000e0f00000, 0x00000000e6e80000, 0x0000000100000000)
  eden space 72704K, 100% used [0x00000000e0f00000,0x00000000e5600000,0x00000000e5600000)
  from space 9728K, 46% used [0x00000000e6180000,0x00000000e65f1d40,0x00000000e6b00000)
  to   space 11776K, 0% used [0x00000000e5600000,0x00000000e5600000,0x00000000e6180000)
 ParOldGen       total 36864K, used 27223K [0x00000000a2c00000, 0x00000000a5000000, 0x00000000e0f00000)
  object space 36864K, 73% used [0x00000000a2c00000,0x00000000a4695dd0,0x00000000a5000000)
 Metaspace       used 36663K, capacity 37024K, committed 37376K, reserved 1081344K
  class space    used 4678K, capacity 4788K, committed 4864K, reserved 1048576K
Event: 6.335 GC heap after
Heap after GC invocations=33 (full 4):
 PSYoungGen      total 84480K, used 6110K [0x00000000e0f00000, 0x00000000e7200000, 0x0000000100000000)
  eden space 72704K, 0% used [0x00000000e0f00000,0x00000000e0f00000,0x00000000e5600000)
  from space 11776K, 51% used [0x00000000e5600000,0x00000000e5bf7a28,0x00000000e6180000)
  to   space 11776K, 0% used [0x00000000e6680000,0x00000000e6680000,0x00000000e7200000)
 ParOldGen       total 36864K, used 30201K [0x00000000a2c00000, 0x00000000a5000000, 0x00000000e0f00000)
  object space 36864K, 81% used [0x00000000a2c00000,0x00000000a497e678,0x00000000a5000000)
 Metaspace       used 36663K, capacity 37024K, committed 37376K, reserved 1081344K
  class space    used 4678K, capacity 4788K, committed 4864K, reserved 1048576K
}
Event: 7.037 GC heap before
{Heap before GC invocations=34 (full 4):
 PSYoungGen      total 84480K, used 78814K [0x00000000e0f00000, 0x00000000e7200000, 0x0000000100000000)
  eden space 72704K, 100% used [0x00000000e0f00000,0x00000000e5600000,0x00000000e5600000)
  from space 11776K, 51% used [0x00000000e5600000,0x00000000e5bf7a28,0x00000000e6180000)
  to   space 11776K, 0% used [0x00000000e6680000,0x00000000e6680000,0x00000000e7200000)
 ParOldGen       total 36864K, used 30201K [0x00000000a2c00000, 0x00000000a5000000, 0x00000000e0f00000)
  object space 36864K, 81% used [0x00000000a2c00000,0x00000000a497e678,0x00000000a5000000)
 Metaspace       used 37543K, capacity 38008K, committed 38272K, reserved 1083392K
  class space    used 4801K, capacity 4907K, committed 4992K, reserved 1048576K
Event: 7.058 GC heap after
Heap after GC invocations=34 (full 4):
 PSYoungGen      total 88576K, used 8725K [0x00000000e0f00000, 0x00000000e7400000, 0x0000000100000000)
  eden space 76800K, 0% used [0x00000000e0f00000,0x00000000e0f00000,0x00000000e5a00000)
  from space 11776K, 74% used [0x00000000e6680000,0x00000000e6f056f8,0x00000000e7200000)
  to   space 12800K, 0% used [0x00000000e5a00000,0x00000000e5a00000,0x00000000e6680000)
 ParOldGen       total 36864K, used 30209K [0x00000000a2c00000, 0x00000000a5000000, 0x00000000e0f00000)
  object space 36864K, 81% used [0x00000000a2c00000,0x00000000a4980678,0x00000000a5000000)
 Metaspace       used 37543K, capacity 38008K, committed 38272K, reserved 1083392K
  class space    used 4801K, capacity 4907K, committed 4992K, reserved 1048576K
}
Event: 37.043 GC heap before
{Heap before GC invocations=35 (full 4):
 PSYoungGen      total 88576K, used 85525K [0x00000000e0f00000, 0x00000000e7400000, 0x0000000100000000)
  eden space 76800K, 100% used [0x00000000e0f00000,0x00000000e5a00000,0x00000000e5a00000)
  from space 11776K, 74% used [0x00000000e6680000,0x00000000e6f056f8,0x00000000e7200000)
  to   space 12800K, 0% used [0x00000000e5a00000,0x00000000e5a00000,0x00000000e6680000)
 ParOldGen       total 36864K, used 30209K [0x00000000a2c00000, 0x00000000a5000000, 0x00000000e0f00000)
  object space 36864K, 81% used [0x00000000a2c00000,0x00000000a4980678,0x00000000a5000000)
 Metaspace       used 44661K, capacity 45318K, committed 45568K, reserved 1089536K
  class space    used 5657K, capacity 5814K, committed 5888K, reserved 1048576K
Event: 37.060 GC heap after
Heap after GC invocations=35 (full 4):
 PSYoungGen      total 89600K, used 12784K [0x00000000e0f00000, 0x00000000e7d80000, 0x0000000100000000)
  eden space 76800K, 0% used [0x00000000e0f00000,0x00000000e0f00000,0x00000000e5a00000)
  from space 12800K, 99% used [0x00000000e5a00000,0x00000000e667c2c8,0x00000000e6680000)
  to   space 15872K, 0% used [0x00000000e6e00000,0x00000000e6e00000,0x00000000e7d80000)
 ParOldGen       total 36864K, used 33386K [0x00000000a2c00000, 0x00000000a5000000, 0x00000000e0f00000)
  object space 36864K, 90% used [0x00000000a2c00000,0x00000000a4c9abb0,0x00000000a5000000)
 Metaspace       used 44661K, capacity 45318K, committed 45568K, reserved 1089536K
  class space    used 5657K, capacity 5814K, committed 5888K, reserved 1048576K
}
Event: 37.060 GC heap before
{Heap before GC invocations=36 (full 5):
 PSYoungGen      total 89600K, used 12784K [0x00000000e0f00000, 0x00000000e7d80000, 0x0000000100000000)
  eden space 76800K, 0% used [0x00000000e0f00000,0x00000000e0f00000,0x00000000e5a00000)
  from space 12800K, 99% used [0x00000000e5a00000,0x00000000e667c2c8,0x00000000e6680000)
  to   space 15872K, 0% used [0x00000000e6e00000,0x00000000e6e00000,0x00000000e7d80000)
 ParOldGen       total 36864K, used 33386K [0x00000000a2c00000, 0x00000000a5000000, 0x00000000e0f00000)
  object space 36864K, 90% used [0x00000000a2c00000,0x00000000a4c9abb0,0x00000000a5000000)
 Metaspace       used 44661K, capacity 45318K, committed 45568K, reserved 1089536K
  class space    used 5657K, capacity 5814K, committed 5888K, reserved 1048576K
Event: 37.253 GC heap after
Heap after GC invocations=36 (full 5):
 PSYoungGen      total 89600K, used 4881K [0x00000000e0f00000, 0x00000000e7d80000, 0x0000000100000000)
  eden space 76800K, 0% used [0x00000000e0f00000,0x00000000e0f00000,0x00000000e5a00000)
  from space 12800K, 38% used [0x00000000e5a00000,0x00000000e5ec4700,0x00000000e6680000)
  to   space 15872K, 0% used [0x00000000e6e00000,0x00000000e6e00000,0x00000000e7d80000)
 ParOldGen       total 49152K, used 36816K [0x00000000a2c00000, 0x00000000a5c00000, 0x00000000e0f00000)
  object space 49152K, 74% used [0x00000000a2c00000,0x00000000a4ff42f8,0x00000000a5c00000)
 Metaspace       used 44661K, capacity 45318K, committed 45568K, reserved 1089536K
  class space    used 5657K, capacity 5814K, committed 5888K, reserved 1048576K
}

